Determining if the pthread_create exist failed with the following output:
Change Dir: /home/legged/tns_ros1/controllers/joystick/catkin_ws/build/CMakeFiles/CMakeTmp

Run Build Command:/usr/bin/make "cmTryCompileExec2611370852/fast"
/usr/bin/make -f CMakeFiles/cmTryCompileExec2611370852.dir/build.make CMakeFiles/cmTryCompileExec2611370852.dir/build
make[1]: Entering directory `/home/legged/tns_ros1/controllers/joystick/catkin_ws/build/CMakeFiles/CMakeTmp'
/usr/bin/cmake -E cmake_progress_report /home/legged/tns_ros1/controllers/joystick/catkin_ws/build/CMakeFiles/CMakeTmp/CMakeFiles 1
Building C object CMakeFiles/cmTryCompileExec2611370852.dir/CheckSymbolExists.c.o
/usr/bin/cc    -o CMakeFiles/cmTryCompileExec2611370852.dir/CheckSymbolExists.c.o   -c /home/legged/tns_ros1/controllers/joystick/catkin_ws/build/CMakeFiles/CMakeTmp/CheckSymbolExists.c
Linking C executable cmTryCompileExec2611370852
/usr/bin/cmake -E cmake_link_script CMakeFiles/cmTryCompileExec2611370852.dir/link.txt --verbose=1
/usr/bin/cc       CMakeFiles/cmTryCompileExec2611370852.dir/CheckSymbolExists.c.o  -o cmTryCompileExec2611370852 -rdynamic 
CMakeFiles/cmTryCompileExec2611370852.dir/CheckSymbolExists.c.o: In function `main':
CheckSymbolExists.c:(.text+0x16): undefined reference to `pthread_create'
collect2: error: ld returned 1 exit status
make[1]: *** [cmTryCompileExec2611370852] Error 1
make[1]: Leaving directory `/home/legged/tns_ros1/controllers/joystick/catkin_ws/build/CMakeFiles/CMakeTmp'
make: *** [cmTryCompileExec2611370852/fast] Error 2

File /home/legged/tns_ros1/controllers/joystick/catkin_ws/build/CMakeFiles/CMakeTmp/CheckSymbolExists.c:
/* */
#include <pthread.h>

int main(int argc, char** argv)
{
  (void)argv;
#ifndef pthread_create
  return ((int*)(&pthread_create))[argc];
#else
  (void)argc;
  return 0;
#endif
}

Determining if the function pthread_create exists in the pthreads failed with the following output:
Change Dir: /home/legged/tns_ros1/controllers/joystick/catkin_ws/build/CMakeFiles/CMakeTmp

Run Build Command:/usr/bin/make "cmTryCompileExec646124907/fast"
/usr/bin/make -f CMakeFiles/cmTryCompileExec646124907.dir/build.make CMakeFiles/cmTryCompileExec646124907.dir/build
make[1]: Entering directory `/home/legged/tns_ros1/controllers/joystick/catkin_ws/build/CMakeFiles/CMakeTmp'
/usr/bin/cmake -E cmake_progress_report /home/legged/tns_ros1/controllers/joystick/catkin_ws/build/CMakeFiles/CMakeTmp/CMakeFiles 1
Building C object CMakeFiles/cmTryCompileExec646124907.dir/CheckFunctionExists.c.o
/usr/bin/cc   -DCHECK_FUNCTION_EXISTS=pthread_create   -o CMakeFiles/cmTryCompileExec646124907.dir/CheckFunctionExists.c.o   -c /usr/share/cmake-2.8/Modules/CheckFunctionExists.c
Linking C executable cmTryCompileExec646124907
/usr/bin/cmake -E cmake_link_script CMakeFiles/cmTryCompileExec646124907.dir/link.txt --verbose=1
/usr/bin/cc   -DCHECK_FUNCTION_EXISTS=pthread_create    CMakeFiles/cmTryCompileExec646124907.dir/CheckFunctionExists.c.o  -o cmTryCompileExec646124907 -rdynamic -lpthreads 
/usr/bin/ld: cannot find -lpthreads
collect2: error: ld returned 1 exit status
make[1]: *** [cmTryCompileExec646124907] Error 1
make[1]: Leaving directory `/home/legged/tns_ros1/controllers/joystick/catkin_ws/build/CMakeFiles/CMakeTmp'
make: *** [cmTryCompileExec646124907/fast] Error 2


